Dataset: 756 labeled images
label
Stage3    261
Normal    236
Stage2    165
Stage1     94
  features 50/756 (78s)
  features 100/756 (156s)
  features 150/756 (233s)
  features 200/756 (310s)
  features 250/756 (388s)
  features 300/756 (467s)
  features 350/756 (547s)
  features 400/756 (626s)
  features 450/756 (705s)
  features 500/756 (784s)
  features 550/756 (861s)
  features 600/756 (941s)
  features 650/756 (1021s)
  features 700/756 (1100s)
  features 750/756 (1179s)

Extracted 34 features in 1188s

========================================================
5-fold stratified CV (macro-F1)
========================================================

[svm_rbf] macro-F1=0.4745  acc=0.5212
   Normal   P=0.681 R=0.725 F1=0.702
   Stage1   P=0.272 R=0.330 F1=0.298
   Stage2   P=0.341 R=0.339 F1=0.340
   Stage3   P=0.599 R=0.521 F1=0.557

[random_forest] macro-F1=0.4638  acc=0.5291
   Normal   P=0.673 R=0.767 F1=0.717
   Stage1   P=0.260 R=0.202 F1=0.228
   Stage2   P=0.371 R=0.358 F1=0.364
   Stage3   P=0.553 R=0.540 F1=0.547

[grad_boost] macro-F1=0.4071  acc=0.4934
   Normal   P=0.665 R=0.725 F1=0.694
   Stage1   P=0.204 R=0.106 F1=0.140
   Stage2   P=0.286 R=0.242 F1=0.262
   Stage3   P=0.490 R=0.582 F1=0.532

Top 12 RF feature importances:
   vessel_spread            0.0530
   comp_size_max            0.0461
   vessel_anisotropy        0.0461
   int_r_std                0.0395
   glcm_homogeneity_std     0.0365
   vessel_density           0.0339
   glcm_energy_std          0.0337
   glcm_homogeneity_mean    0.0331
   glcm_correlation_std     0.0327
   comp_size_std            0.0322
   glcm_contrast_std        0.0311
   glcm_ASM_std             0.0290
