train=60 test=40
BASELINE TEST to beat = 0.4469; round-1 best TEST = 0.4505

  TRAIN 0.4508  baseline         (40s)
  TRAIN 0.4507  finer_angles     (58s)
  TRAIN 0.4382  coarse_angles    (21s)
  TRAIN 0.3891  thin_scales      (28s)
  TRAIN 0.4513  thick_scales     (50s)
  TRAIN 0.4511  more_scales      (52s)
  TRAIN 0.4666  tophat_pre       (42s)
  TRAIN 0.4088  tophat_thin      (31s)
  TRAIN 0.4391  median5          (38s)
  TRAIN 0.4195  no_median        (38s)
  TRAIN 0.3877  thin_finer       (40s)

=== Validate top-4 on TEST ===
  TEST 0.4600  TRAIN 0.4666  tophat_pre
  TEST 0.4489  TRAIN 0.4513  thick_scales
  TEST 0.4488  TRAIN 0.4511  more_scales
  TEST 0.4505  TRAIN 0.4508  baseline

Best TEST = 0.4600 (tophat_pre)
Wrote /home/ubuntu/rop-stage-classification/experiments/output/vessel_gabor_tune.csv
