Note that running a local entrypoint in detached mode only keeps the last triggered Modal function alive after the parent process has been killed or disconnected.
✓ Initialized. View run at https://modal.com/apps/chairulridjaal/main/ap-xvQCh94oN1ktrG7gCOucZ5
Building image im-ILD8XaaDcbADTavDelijCA

=> Step 0: FROM base

=> Step 1: RUN python -m pip install numpy opencv-python torch torchvision
Looking in indexes: http://pypi-mirror.modal.local:5555/simple
Collecting numpy
  Downloading http://pypi-mirror.modal.local:5555/simple/numpy/numpy-2.4.6-cp312-cp312-manylinux_2_27_x86_64.manylinux_2_28_x86_64.whl.metadata (6.6 kB)
Collecting opencv-python
  Downloading http://pypi-mirror.modal.local:5555/simple/opencv-python/opencv_python-4.13.0.92-cp37-abi3-manylinux_2_28_x86_64.whl.metadata (19 kB)
Collecting torch
  Downloading http://pypi-mirror.modal.local:5555/simple/torch/torch-2.12.0-cp312-cp312-manylinux_2_28_x86_64.whl.metadata (31 kB)
Collecting torchvision
  Downloading http://pypi-mirror.modal.local:5555/simple/torchvision/torchvision-0.27.0-cp312-cp312-manylinux_2_28_x86_64.whl.metadata (5.5 kB)
Collecting filelock (from torch)
  Downloading http://pypi-mirror.modal.local:5555/simple/filelock/filelock-3.29.4-py3-none-any.whl.metadata (2.0 kB)
Collecting typing-extensions>=4.10.0 (from torch)
  Downloading http://pypi-mirror.modal.local:5555/simple/typing-extensions/typing_extensions-4.15.0-py3-none-any.whl.metadata (3.3 kB)
Collecting setuptools<82 (from torch)
  Downloading http://pypi-mirror.modal.local:5555/simple/setuptools/setuptools-81.0.0-py3-none-any.whl.metadata (6.6 kB)
Collecting sympy>=1.13.3 (from torch)
  Downloading http://pypi-mirror.modal.local:5555/simple/sympy/sympy-1.14.0-py3-none-any.whl.metadata (12 kB)
Collecting networkx>=2.5.1 (from torch)
  Downloading http://pypi-mirror.modal.local:5555/simple/networkx/networkx-3.6.1-py3-none-any.whl.metadata (6.8 kB)
Collecting jinja2 (from torch)
  Downloading http://pypi-mirror.modal.local:5555/simple/jinja2/jinja2-3.1.6-py3-none-any.whl.metadata (2.9 kB)
Collecting fsspec>=0.8.5 (from torch)
  Downloading http://pypi-mirror.modal.local:5555/simple/fsspec/fsspec-2026.4.0-py3-none-any.whl.metadata (10 kB)
Collecting cuda-toolkit==13.0.2 (from cuda-toolkit[cudart,cufft,cufile,cupti,curand,cusolver,cusparse,nvjitlink,nvrtc,nvtx]==13.0.2; platform_system == "Linux"->torch)
  Downloading http://pypi-mirror.modal.local:5555/simple/cuda-toolkit/cuda_toolkit-13.0.2-py2.py3-none-any.whl.metadata (9.4 kB)
Collecting nvidia-cublas<=13.1.1.3,>=13.1.0.3 (from torch)
  Downloading http://pypi-mirror.modal.local:5555/simple/nvidia-cublas/nvidia_cublas-13.1.1.3-py3-none-manylinux_2_27_x86_64.whl.metadata (1.8 kB)
Collecting cuda-bindings<14,>=13.0.3 (from torch)
  Downloading http://pypi-mirror.modal.local:5555/simple/cuda-bindings/cuda_bindings-13.3.1-cp312-cp312-manylinux_2_24_x86_64.manylinux_2_28_x86_64.whl.metadata (2.5 kB)
Collecting nvidia-cudnn-cu13==9.20.0.48 (from torch)
  Downloading http://pypi-mirror.modal.local:5555/simple/nvidia-cudnn-cu13/nvidia_cudnn_cu13-9.20.0.48-py3-none-manylinux_2_27_x86_64.whl.metadata (1.9 kB)
Collecting nvidia-cusparselt-cu13==0.8.1 (from torch)
  Downloading http://pypi-mirror.modal.local:5555/simple/nvidia-cusparselt-cu13/nvidia_cusparselt_cu13-0.8.1-py3-none-manylinux2014_x86_64.whl.metadata (12 kB)
Collecting nvidia-nccl-cu13==2.29.7 (from torch)
  Downloading http://pypi-mirror.modal.local:5555/simple/nvidia-nccl-cu13/nvidia_nccl_cu13-2.29.7-py3-none-manylinux_2_18_x86_64.whl.metadata (2.1 kB)
Collecting nvidia-nvshmem-cu13==3.4.5 (from torch)
  Downloading http://pypi-mirror.modal.local:5555/simple/nvidia-nvshmem-cu13/nvidia_nvshmem_cu13-3.4.5-py3-none-manylinux2014_x86_64.manylinux_2_17_x86_64.whl.metadata (2.1 kB)
Collecting triton==3.7.0 (from torch)
  Downloading http://pypi-mirror.modal.local:5555/simple/triton/triton-3.7.0-cp312-cp312-manylinux_2_27_x86_64.manylinux_2_28_x86_64.whl.metadata (1.7 kB)
Collecting nvidia-cuda-runtime==13.0.96.* (from cuda-toolkit[cudart,cufft,cufile,cupti,curand,cusolver,cusparse,nvjitlink,nvrtc,nvtx]==13.0.2; platform_system == "Linux"->torch)
  Downloading http://pypi-mirror.modal.local:5555/simple/nvidia-cuda-runtime/nvidia_cuda_runtime-13.0.96-py3-none-manylinux2014_x86_64.manylinux_2_17_x86_64.whl.metadata (1.7 kB)
Collecting nvidia-cufft==12.0.0.61.* (from cuda-toolkit[cudart,cufft,cufile,cupti,curand,cusolver,cusparse,nvjitlink,nvrtc,nvtx]==13.0.2; platform_system == "Linux"->torch)
  Downloading http://pypi-mirror.modal.local:5555/simple/nvidia-cufft/nvidia_cufft-12.0.0.61-py3-none-manylinux2014_x86_64.manylinux_2_17_x86_64.whl.metadata (1.8 kB)
Collecting nvidia-cufile==1.15.1.6.* (from cuda-toolkit[cudart,cufft,cufile,cupti,curand,cusolver,cusparse,nvjitlink,nvrtc,nvtx]==13.0.2; platform_system == "Linux"->torch)
  Downloading http://pypi-mirror.modal.local:5555/simple/nvidia-cufile/nvidia_cufile-1.15.1.6-py3-none-manylinux2014_x86_64.manylinux_2_17_x86_64.whl.metadata (1.7 kB)
Collecting nvidia-cuda-cupti==13.0.85.* (from cuda-toolkit[cudart,cufft,cufile,cupti,curand,cusolver,cusparse,nvjitlink,nvrtc,nvtx]==13.0.2; platform_system == "Linux"->torch)
  Downloading http://pypi-mirror.modal.local:5555/simple/nvidia-cuda-cupti/nvidia_cuda_cupti-13.0.85-py3-none-manylinux_2_25_x86_64.whl.metadata (1.7 kB)
Collecting nvidia-curand==10.4.0.35.* (from cuda-toolkit[cudart,cufft,cufile,cupti,curand,cusolver,cusparse,nvjitlink,nvrtc,nvtx]==13.0.2; platform_system == "Linux"->torch)
  Downloading http://pypi-mirror.modal.local:5555/simple/nvidia-curand/nvidia_curand-10.4.0.35-py3-none-manylinux_2_27_x86_64.whl.metadata (1.7 kB)
Collecting nvidia-cusolver==12.0.4.66.* (from cuda-toolkit[cudart,cufft,cufile,cupti,curand,cusolver,cusparse,nvjitlink,nvrtc,nvtx]==13.0.2; platform_system == "Linux"->torch)
  Downloading http://pypi-mirror.modal.local:5555/simple/nvidia-cusolver/nvidia_cusolver-12.0.4.66-py3-none-manylinux_2_27_x86_64.whl.metadata (1.8 kB)
Collecting nvidia-cusparse==12.6.3.3.* (from cuda-toolkit[cudart,cufft,cufile,cupti,curand,cusolver,cusparse,nvjitlink,nvrtc,nvtx]==13.0.2; platform_system == "Linux"->torch)
  Downloading http://pypi-mirror.modal.local:5555/simple/nvidia-cusparse/nvidia_cusparse-12.6.3.3-py3-none-manylinux2014_x86_64.manylinux_2_17_x86_64.whl.metadata (1.8 kB)
Collecting nvidia-nvjitlink==13.0.88.* (from cuda-toolkit[cudart,cufft,cufile,cupti,curand,cusolver,cusparse,nvjitlink,nvrtc,nvtx]==13.0.2; platform_system == "Linux"->torch)
  Downloading http://pypi-mirror.modal.local:5555/simple/nvidia-nvjitlink/nvidia_nvjitlink-13.0.88-py3-none-manylinux2010_x86_64.manylinux_2_12_x86_64.whl.metadata (1.7 kB)
Collecting nvidia-cuda-nvrtc==13.0.88.* (from cuda-toolkit[cudart,cufft,cufile,cupti,curand,cusolver,cusparse,nvjitlink,nvrtc,nvtx]==13.0.2; platform_system == "Linux"->torch)
  Downloading http://pypi-mirror.modal.local:5555/simple/nvidia-cuda-nvrtc/nvidia_cuda_nvrtc-13.0.88-py3-none-manylinux2010_x86_64.manylinux_2_12_x86_64.whl.metadata (1.7 kB)
Collecting nvidia-nvtx==13.0.85.* (from cuda-toolkit[cudart,cufft,cufile,cupti,curand,cusolver,cusparse,nvjitlink,nvrtc,nvtx]==13.0.2; platform_system == "Linux"->torch)
  Downloading http://pypi-mirror.modal.local:5555/simple/nvidia-nvtx/nvidia_nvtx-13.0.85-py3-none-manylinux1_x86_64.manylinux_2_5_x86_64.whl.metadata (1.8 kB)
Collecting cuda-pathfinder>=1.4.2 (from cuda-bindings<14,>=13.0.3->torch)
  Downloading http://pypi-mirror.modal.local:5555/simple/cuda-pathfinder/cuda_pathfinder-1.5.5-py3-none-any.whl.metadata (1.9 kB)
Collecting pillow!=8.3.*,>=5.3.0 (from torchvision)
  Downloading http://pypi-mirror.modal.local:5555/simple/pillow/pillow-12.2.0-cp312-cp312-manylinux_2_27_x86_64.manylinux_2_28_x86_64.whl.metadata (8.8 kB)
Collecting mpmath<1.4,>=1.1.0 (from sympy>=1.13.3->torch)
  Downloading http://pypi-mirror.modal.local:5555/simple/mpmath/mpmath-1.3.0-py3-none-any.whl.metadata (8.6 kB)
Collecting MarkupSafe>=2.0 (from jinja2->torch)
  Downloading http://pypi-mirror.modal.local:5555/simple/markupsafe/markupsafe-3.0.3-cp312-cp312-manylinux2014_x86_64.manylinux_2_17_x86_64.manylinux_2_28_x86_64.whl.metadata (2.7 kB)
Downloading http://pypi-mirror.modal.local:5555/simple/numpy/numpy-2.4.6-cp312-cp312-manylinux_2_27_x86_64.manylinux_2_28_x86_64.whl (16.6 MB)
   ━━━━━━━━━━━━━━━━━━━━━━━━━━━━━━━━━━━━━━━━ 16.6/16.6 MB 576.9 MB/s eta 0:00:00
Downloading http://pypi-mirror.modal.local:5555/simple/opencv-python/opencv_python-4.13.0.92-cp37-abi3-manylinux_2_28_x86_64.whl (72.9 MB)
   ━━━━━━━━━━━━━━━━━━━━━━━━━━━━━━━━━━━━━━━━ 72.9/72.9 MB 569.9 MB/s eta 0:00:00
Downloading http://pypi-mirror.modal.local:5555/simple/torch/torch-2.12.0-cp312-cp312-manylinux_2_28_x86_64.whl (532.3 MB)
   ━━━━━━━━━━━━━━━━━━━━━━━━━━━━━━━━━━━━━━━ 532.3/532.3 MB 498.8 MB/s eta 0:00:00
Downloading http://pypi-mirror.modal.local:5555/simple/cuda-toolkit/cuda_toolkit-13.0.2-py2.py3-none-any.whl (2.4 kB)
Downloading http://pypi-mirror.modal.local:5555/simple/nvidia-cudnn-cu13/nvidia_cudnn_cu13-9.20.0.48-py3-none-manylinux_2_27_x86_64.whl (366.2 MB)
   ━━━━━━━━━━━━━━━━━━━━━━━━━━━━━━━━━━━━━━━ 366.2/366.2 MB 482.6 MB/s eta 0:00:00
Downloading http://pypi-mirror.modal.local:5555/simple/nvidia-cusparselt-cu13/nvidia_cusparselt_cu13-0.8.1-py3-none-manylinux2014_x86_64.whl (170.1 MB)
   ━━━━━━━━━━━━━━━━━━━━━━━━━━━━━━━━━━━━━━━ 170.1/170.1 MB 513.5 MB/s eta 0:00:00
Downloading http://pypi-mirror.modal.local:5555/simple/nvidia-nccl-cu13/nvidia_nccl_cu13-2.29.7-py3-none-manylinux_2_18_x86_64.whl (206.0 MB)
   ━━━━━━━━━━━━━━━━━━━━━━━━━━━━━━━━━━━━━━━ 206.0/206.0 MB 508.0 MB/s eta 0:00:00
Downloading http://pypi-mirror.modal.local:5555/simple/nvidia-nvshmem-cu13/nvidia_nvshmem_cu13-3.4.5-py3-none-manylinux2014_x86_64.manylinux_2_17_x86_64.whl (60.4 MB)
   ━━━━━━━━━━━━━━━━━━━━━━━━━━━━━━━━━━━━━━━━ 60.4/60.4 MB 516.8 MB/s eta 0:00:00
Downloading http://pypi-mirror.modal.local:5555/simple/triton/triton-3.7.0-cp312-cp312-manylinux_2_27_x86_64.manylinux_2_28_x86_64.whl (201.5 MB)
   ━━━━━━━━━━━━━━━━━━━━━━━━━━━━━━━━━━━━━━━ 201.5/201.5 MB 504.5 MB/s eta 0:00:00
Downloading http://pypi-mirror.modal.local:5555/simple/cuda-bindings/cuda_bindings-13.3.1-cp312-cp312-manylinux_2_24_x86_64.manylinux_2_28_x86_64.whl (6.7 MB)
   ━━━━━━━━━━━━━━━━━━━━━━━━━━━━━━━━━━━━━━━━ 6.7/6.7 MB 570.2 MB/s eta 0:00:00
Downloading http://pypi-mirror.modal.local:5555/simple/nvidia-cublas/nvidia_cublas-13.1.1.3-py3-none-manylinux_2_27_x86_64.whl (423.1 MB)
   ━━━━━━━━━━━━━━━━━━━━━━━━━━━━━━━━━━━━━━━ 423.1/423.1 MB 532.5 MB/s eta 0:00:00
Downloading http://pypi-mirror.modal.local:5555/simple/nvidia-cuda-cupti/nvidia_cuda_cupti-13.0.85-py3-none-manylinux_2_25_x86_64.whl (10.7 MB)
   ━━━━━━━━━━━━━━━━━━━━━━━━━━━━━━━━━━━━━━━━ 10.7/10.7 MB 550.2 MB/s eta 0:00:00
Downloading http://pypi-mirror.modal.local:5555/simple/nvidia-cuda-nvrtc/nvidia_cuda_nvrtc-13.0.88-py3-none-manylinux2010_x86_64.manylinux_2_12_x86_64.whl (90.2 MB)
   ━━━━━━━━━━━━━━━━━━━━━━━━━━━━━━━━━━━━━━━━ 90.2/90.2 MB 530.7 MB/s eta 0:00:00
Downloading http://pypi-mirror.modal.local:5555/simple/nvidia-cuda-runtime/nvidia_cuda_runtime-13.0.96-py3-none-manylinux2014_x86_64.manylinux_2_17_x86_64.whl (2.2 MB)
   ━━━━━━━━━━━━━━━━━━━━━━━━━━━━━━━━━━━━━━━━ 2.2/2.2 MB 612.6 MB/s eta 0:00:00
Downloading http://pypi-mirror.modal.local:5555/simple/nvidia-cufft/nvidia_cufft-12.0.0.61-py3-none-manylinux2014_x86_64.manylinux_2_17_x86_64.whl (214.1 MB)
   ━━━━━━━━━━━━━━━━━━━━━━━━━━━━━━━━━━━━━━━ 214.1/214.1 MB 498.1 MB/s eta 0:00:00
Downloading http://pypi-mirror.modal.local:5555/simple/nvidia-cufile/nvidia_cufile-1.15.1.6-py3-none-manylinux2014_x86_64.manylinux_2_17_x86_64.whl (1.2 MB)
   ━━━━━━━━━━━━━━━━━━━━━━━━━━━━━━━━━━━━━━━━ 1.2/1.2 MB 308.3 MB/s eta 0:00:00
Downloading http://pypi-mirror.modal.local:5555/simple/nvidia-curand/nvidia_curand-10.4.0.35-py3-none-manylinux_2_27_x86_64.whl (59.5 MB)
   ━━━━━━━━━━━━━━━━━━━━━━━━━━━━━━━━━━━━━━━━ 59.5/59.5 MB 560.1 MB/s eta 0:00:00
Downloading http://pypi-mirror.modal.local:5555/simple/nvidia-cusolver/nvidia_cusolver-12.0.4.66-py3-none-manylinux_2_27_x86_64.whl (200.9 MB)
   ━━━━━━━━━━━━━━━━━━━━━━━━━━━━━━━━━━━━━━━ 200.9/200.9 MB 520.5 MB/s eta 0:00:00
Downloading http://pypi-mirror.modal.local:5555/simple/nvidia-cusparse/nvidia_cusparse-12.6.3.3-py3-none-manylinux2014_x86_64.manylinux_2_17_x86_64.whl (145.9 MB)
   ━━━━━━━━━━━━━━━━━━━━━━━━━━━━━━━━━━━━━━━ 145.9/145.9 MB 527.4 MB/s eta 0:00:00
Downloading http://pypi-mirror.modal.local:5555/simple/nvidia-nvjitlink/nvidia_nvjitlink-13.0.88-py3-none-manylinux2010_x86_64.manylinux_2_12_x86_64.whl (40.7 MB)
   ━━━━━━━━━━━━━━━━━━━━━━━━━━━━━━━━━━━━━━━━ 40.7/40.7 MB 519.0 MB/s eta 0:00:00
Downloading http://pypi-mirror.modal.local:5555/simple/nvidia-nvtx/nvidia_nvtx-13.0.85-py3-none-manylinux1_x86_64.manylinux_2_5_x86_64.whl (148 kB)
Downloading http://pypi-mirror.modal.local:5555/simple/setuptools/setuptools-81.0.0-py3-none-any.whl (1.1 MB)
   ━━━━━━━━━━━━━━━━━━━━━━━━━━━━━━━━━━━━━━━━ 1.1/1.1 MB 396.9 MB/s eta 0:00:00
Downloading http://pypi-mirror.modal.local:5555/simple/torchvision/torchvision-0.27.0-cp312-cp312-manylinux_2_28_x86_64.whl (7.6 MB)
   ━━━━━━━━━━━━━━━━━━━━━━━━━━━━━━━━━━━━━━━━ 7.6/7.6 MB 482.2 MB/s eta 0:00:00
Downloading http://pypi-mirror.modal.local:5555/simple/cuda-pathfinder/cuda_pathfinder-1.5.5-py3-none-any.whl (51 kB)
Downloading http://pypi-mirror.modal.local:5555/simple/fsspec/fsspec-2026.4.0-py3-none-any.whl (203 kB)
Downloading http://pypi-mirror.modal.local:5555/simple/networkx/networkx-3.6.1-py3-none-any.whl (2.1 MB)
   ━━━━━━━━━━━━━━━━━━━━━━━━━━━━━━━━━━━━━━━━ 2.1/2.1 MB 552.3 MB/s eta 0:00:00
Downloading http://pypi-mirror.modal.local:5555/simple/pillow/pillow-12.2.0-cp312-cp312-manylinux_2_27_x86_64.manylinux_2_28_x86_64.whl (7.1 MB)
   ━━━━━━━━━━━━━━━━━━━━━━━━━━━━━━━━━━━━━━━━ 7.1/7.1 MB 471.2 MB/s eta 0:00:00
Downloading http://pypi-mirror.modal.local:5555/simple/sympy/sympy-1.14.0-py3-none-any.whl (6.3 MB)
   ━━━━━━━━━━━━━━━━━━━━━━━━━━━━━━━━━━━━━━━━ 6.3/6.3 MB 538.7 MB/s eta 0:00:00
Downloading http://pypi-mirror.modal.local:5555/simple/mpmath/mpmath-1.3.0-py3-none-any.whl (536 kB)
   ━━━━━━━━━━━━━━━━━━━━━━━━━━━━━━━━━━━━━━━ 536.2/536.2 kB 846.3 MB/s eta 0:00:00
Downloading http://pypi-mirror.modal.local:5555/simple/typing-extensions/typing_extensions-4.15.0-py3-none-any.whl (44 kB)
Downloading http://pypi-mirror.modal.local:5555/simple/filelock/filelock-3.29.4-py3-none-any.whl (42 kB)
Downloading http://pypi-mirror.modal.local:5555/simple/jinja2/jinja2-3.1.6-py3-none-any.whl (134 kB)
Downloading http://pypi-mirror.modal.local:5555/simple/markupsafe/markupsafe-3.0.3-cp312-cp312-manylinux2014_x86_64.manylinux_2_17_x86_64.manylinux_2_28_x86_64.whl (22 kB)
Installing collected packages: nvidia-cusparselt-cu13, mpmath, cuda-toolkit, typing-extensions, triton, sympy, setuptools, pillow, nvidia-nvtx, nvidia-nvshmem-cu13, nvidia-nvjitlink, nvidia-nccl-cu13, nvidia-curand, nvidia-cufile, nvidia-cuda-runtime, nvidia-cuda-nvrtc, nvidia-cuda-cupti, numpy, networkx, MarkupSafe, fsspec, filelock, cuda-pathfinder, opencv-python, nvidia-cusparse, nvidia-cufft, nvidia-cublas, jinja2, cuda-bindings, nvidia-cusolver, nvidia-cudnn-cu13, torch, torchvision

Successfully installed MarkupSafe-3.0.3 cuda-bindings-13.3.1 cuda-pathfinder-1.5.5 cuda-toolkit-13.0.2 filelock-3.29.4 fsspec-2026.4.0 jinja2-3.1.6 mpmath-1.3.0 networkx-3.6.1 numpy-2.4.6 nvidia-cublas-13.1.1.3 nvidia-cuda-cupti-13.0.85 nvidia-cuda-nvrtc-13.0.88 nvidia-cuda-runtime-13.0.96 nvidia-cudnn-cu13-9.20.0.48 nvidia-cufft-12.0.0.61 nvidia-cufile-1.15.1.6 nvidia-curand-10.4.0.35 nvidia-cusolver-12.0.4.66 nvidia-cusparse-12.6.3.3 nvidia-cusparselt-cu13-0.8.1 nvidia-nccl-cu13-2.29.7 nvidia-nvjitlink-13.0.88 nvidia-nvshmem-cu13-3.4.5 nvidia-nvtx-13.0.85 opencv-python-4.13.0.92 pillow-12.2.0 setuptools-81.0.0 sympy-1.14.0 torch-2.12.0 torchvision-0.27.0 triton-3.7.0 typing-extensions-4.15.0

[notice] A new release of pip is available: 25.1.1 -> 26.1.2
[notice] To update, run: pip install --upgrade pip
Saving image...
Image saved, took 3.62s

Built image im-ILD8XaaDcbADTavDelijCA in 56.83s


✓ Created objects.
├── 🔨 Created mount /home/ubuntu/rop-stage-classification/experiments/rop_ridge_unet.py
├── 🔨 Created mount /home/ubuntu/rop-stage-classification/data/Agrawal2021/HVDROPDB-RIDGE
└── 🔨 Created function train.
Ridge pairs: 100 (train 80 / val 20)
.remote() and .map() calls in detached apps may be canceled when the local caller disconnects. Use .spawn() for detached or background work.  E 15/150 val_dice=0.0743 best=0.0829 (66s)
  E 30/150 val_dice=0.0957 best=0.1106 (135s)
  E 45/150 val_dice=0.1303 best=0.1303 (203s)
  E 60/150 val_dice=0.1019 best=0.1303 (270s)
  E 75/150 val_dice=0.3843 best=0.3843 (339s)
  E 90/150 val_dice=0.5046 best=0.5344 (404s)
  E105/150 val_dice=0.5989 best=0.6020 (471s)
  E120/150 val_dice=0.5890 best=0.6095 (537s)
  E135/150 val_dice=0.6138 best=0.6154 (604s)
  E150/150 val_dice=0.6128 best=0.6158 (673s)

Best val Dice = 0.6158
Best val Dice=0.6158; wrote output/ridge_val_grid.png
✓ App completed. View run at https://modal.com/apps/chairulridjaal/main/ap-xvQCh94oN1ktrG7gCOucZ5
