train=60 test=40

Precomputing soft maps (TRAIN)...
  precomputed gabor_c12          60 imgs in 38.9s
  precomputed gabor_c9           60 imgs in 39.0s
  precomputed gabor_nomed        60 imgs in 38.0s
  precomputed fusion_balanced    60 imgs in 169.8s

=== Full grid on TRAIN ===
Top 15 TRAIN configs:
  0.4508 | gabor_c12          P0.16    top=3 minA=30 close=3 lscf=0 | prec=0.444 sens=0.477
  0.4508 | gabor_c12          P0.16    top=3 minA=0 close=3 lscf=0 | prec=0.444 sens=0.477
  0.4507 | gabor_c12          P0.16    top=3 minA=30 close=0 lscf=0 | prec=0.445 sens=0.476
  0.4507 | gabor_c12          P0.16    top=3 minA=0 close=0 lscf=0 | prec=0.445 sens=0.476
  0.4458 | gabor_c12          P0.14    top=3 minA=30 close=3 lscf=0 | prec=0.481 sens=0.433
  0.4458 | gabor_c12          P0.14    top=3 minA=0 close=3 lscf=0 | prec=0.481 sens=0.433
  0.4457 | gabor_c12          P0.18    top=3 minA=30 close=0 lscf=0 | prec=0.410 sens=0.510
  0.4457 | gabor_c12          P0.18    top=3 minA=0 close=0 lscf=0 | prec=0.410 sens=0.510
  0.4457 | gabor_c12          P0.18    top=3 minA=30 close=3 lscf=0 | prec=0.409 sens=0.511
  0.4457 | gabor_c12          P0.18    top=3 minA=0 close=3 lscf=0 | prec=0.409 sens=0.511
  0.4456 | gabor_c12          P0.14    top=3 minA=30 close=0 lscf=0 | prec=0.482 sens=0.432
  0.4456 | gabor_c12          P0.14    top=3 minA=0 close=0 lscf=0 | prec=0.482 sens=0.432
  0.4454 | gabor_c9           P0.16    top=3 minA=30 close=3 lscf=0 | prec=0.412 sens=0.507
  0.4454 | gabor_c9           P0.16    top=3 minA=0 close=3 lscf=0 | prec=0.412 sens=0.507
  0.4453 | gabor_c9           P0.16    top=3 minA=30 close=0 lscf=0 | prec=0.413 sens=0.505

=== Validate top-8 on TEST ===
  precomputed gabor_c12          40 imgs in 24.9s
  precomputed gabor_c9           40 imgs in 25.3s
  precomputed gabor_nomed        40 imgs in 24.9s
  precomputed fusion_balanced    40 imgs in 113.8s
   TEST   TRAIN | config
 0.4505  0.4508 | gabor_c12 P0.16 top=3 minA=30 close=3 lscf=0
 0.4505  0.4508 | gabor_c12 P0.16 top=3 minA=0 close=3 lscf=0
 0.4504  0.4507 | gabor_c12 P0.16 top=3 minA=30 close=0 lscf=0
 0.4504  0.4507 | gabor_c12 P0.16 top=3 minA=0 close=0 lscf=0
 0.4472  0.4458 | gabor_c12 P0.14 top=3 minA=30 close=3 lscf=0
 0.4472  0.4458 | gabor_c12 P0.14 top=3 minA=0 close=3 lscf=0
 0.4404  0.4457 | gabor_c12 P0.18 top=3 minA=30 close=0 lscf=0
 0.4404  0.4457 | gabor_c12 P0.18 top=3 minA=0 close=0 lscf=0

BASELINE to beat: TEST=0.4469
Best here: TEST=0.4505  (TRAIN=0.4508)
Wrote /home/ubuntu/rop-stage-classification/experiments/output/vessel_variants_fast.csv
